2025-12-27T15:43:37.898+05:30  INFO 436 --- [BTVNews] [restartedMain] com.btv.BtvNewsApplication               : Starting BtvNewsApplication using Java 23 with PID 436 (C:\Users\Admin\Documents\workspace-spring-tools-for-eclipse-4.32.0.RELEASE\BTVNews\target\classes started by vamsi in C:\Users\Admin\Documents\workspace-spring-tools-for-eclipse-4.32.0.RELEASE\BTVNews)
2025-12-27T15:43:37.909+05:30  INFO 436 --- [BTVNews] [restartedMain] com.btv.BtvNewsApplication               : No active profile set, falling back to 1 default profile: "default"
2025-12-27T15:43:38.293+05:30  INFO 436 --- [BTVNews] [restartedMain] .e.DevToolsPropertyDefaultsPostProcessor : Devtools property defaults active! Set 'spring.devtools.add-properties' to 'false' to disable
2025-12-27T15:43:38.299+05:30  INFO 436 --- [BTVNews] [restartedMain] .e.DevToolsPropertyDefaultsPostProcessor : For additional web related logging consider setting the 'logging.level.web' property to 'DEBUG'
2025-12-27T15:43:40.152+05:30  INFO 436 --- [BTVNews] [restartedMain] .s.d.r.c.RepositoryConfigurationDelegate : Bootstrapping Spring Data JPA repositories in DEFAULT mode.
2025-12-27T15:43:40.370+05:30  INFO 436 --- [BTVNews] [restartedMain] .s.d.r.c.RepositoryConfigurationDelegate : Finished Spring Data repository scanning in 194 ms. Found 7 JPA repository interfaces.
2025-12-27T15:43:42.157+05:30  INFO 436 --- [BTVNews] [restartedMain] o.s.b.w.embedded.tomcat.TomcatWebServer  : Tomcat initialized with port 8082 (http)
2025-12-27T15:43:42.203+05:30  INFO 436 --- [BTVNews] [restartedMain] o.apache.catalina.core.StandardService   : Starting service [Tomcat]
2025-12-27T15:43:42.205+05:30  INFO 436 --- [BTVNews] [restartedMain] o.apache.catalina.core.StandardEngine    : Starting Servlet engine: [Apache Tomcat/10.1.48]
2025-12-27T15:43:42.343+05:30  INFO 436 --- [BTVNews] [restartedMain] o.a.c.c.C.[Tomcat].[localhost].[/]       : Initializing Spring embedded WebApplicationContext
2025-12-27T15:43:42.345+05:30  INFO 436 --- [BTVNews] [restartedMain] w.s.c.ServletWebServerApplicationContext : Root WebApplicationContext: initialization completed in 4039 ms
2025-12-27T15:43:42.799+05:30  INFO 436 --- [BTVNews] [restartedMain] o.hibernate.jpa.internal.util.LogHelper  : HHH000204: Processing PersistenceUnitInfo [name: default]
2025-12-27T15:43:42.991+05:30  INFO 436 --- [BTVNews] [restartedMain] org.hibernate.Version                    : HHH000412: Hibernate ORM core version 6.6.33.Final
2025-12-27T15:43:43.092+05:30  INFO 436 --- [BTVNews] [restartedMain] o.h.c.internal.RegionFactoryInitiator    : HHH000026: Second-level cache disabled
2025-12-27T15:43:43.863+05:30  INFO 436 --- [BTVNews] [restartedMain] o.s.o.j.p.SpringPersistenceUnitInfo      : No LoadTimeWeaver setup: ignoring JPA class transformer
2025-12-27T15:43:43.947+05:30  INFO 436 --- [BTVNews] [restartedMain] com.zaxxer.hikari.HikariDataSource       : HikariPool-1 - Starting...
2025-12-27T15:43:44.767+05:30  INFO 436 --- [BTVNews] [restartedMain] com.zaxxer.hikari.pool.HikariPool        : HikariPool-1 - Added connection org.postgresql.jdbc.PgConnection@2160bf17
2025-12-27T15:43:44.774+05:30  INFO 436 --- [BTVNews] [restartedMain] com.zaxxer.hikari.HikariDataSource       : HikariPool-1 - Start completed.
2025-12-27T15:43:45.024+05:30  INFO 436 --- [BTVNews] [restartedMain] org.hibernate.orm.connections.pooling    : HHH10001005: Database info:
	Database JDBC URL [Connecting through datasource 'HikariDataSource (HikariPool-1)']
	Database driver: undefined/unknown
	Database version: 18.0
	Autocommit mode: undefined/unknown
	Isolation level: undefined/unknown
	Minimum pool size: undefined/unknown
	Maximum pool size: undefined/unknown
2025-12-27T15:43:45.044+05:30 DEBUG 436 --- [BTVNews] [restartedMain] o.h.t.d.sql.spi.DdlTypeRegistry          : addDescriptor(2003, org.hibernate.type.descriptor.sql.internal.ArrayDdlTypeImpl@ace9675) replaced previous registration(org.hibernate.type.descriptor.sql.internal.ArrayDdlTypeImpl@3e6888dc)
2025-12-27T15:43:45.046+05:30 DEBUG 436 --- [BTVNews] [restartedMain] o.h.t.d.sql.spi.DdlTypeRegistry          : addDescriptor(6, org.hibernate.type.descriptor.sql.internal.CapacityDependentDdlType@38b830f8) replaced previous registration(org.hibernate.type.descriptor.sql.internal.DdlTypeImpl@7723c46b)
2025-12-27T15:43:47.647+05:30  INFO 436 --- [BTVNews] [restartedMain] o.h.e.t.j.p.i.JtaPlatformInitiator       : HHH000489: No JTA platform available (set 'hibernate.transaction.jta.platform' to enable JTA platform integration)
2025-12-27T15:43:48.066+05:30  INFO 436 --- [BTVNews] [restartedMain] j.LocalContainerEntityManagerFactoryBean : Initialized JPA EntityManagerFactory for persistence unit 'default'
2025-12-27T15:43:48.261+05:30  WARN 436 --- [BTVNews] [restartedMain] JpaBaseConfiguration$JpaWebConfiguration : spring.jpa.open-in-view is enabled by default. Therefore, database queries may be performed during view rendering. Explicitly configure spring.jpa.open-in-view to disable this warning
2025-12-27T15:43:49.340+05:30  INFO 436 --- [BTVNews] [restartedMain] o.s.b.d.a.OptionalLiveReloadServer       : LiveReload server is running on port 35729
2025-12-27T15:43:49.415+05:30  INFO 436 --- [BTVNews] [restartedMain] o.s.b.w.embedded.tomcat.TomcatWebServer  : Tomcat started on port 8082 (http) with context path '/'
2025-12-27T15:43:49.441+05:30  INFO 436 --- [BTVNews] [restartedMain] com.btv.BtvNewsApplication               : Started BtvNewsApplication in 16.781 seconds (process running for 25.639)
2025-12-27T22:47:38.318+05:30  WARN 436 --- [BTVNews] [HikariPool-1:housekeeper] com.zaxxer.hikari.pool.HikariPool        : HikariPool-1 - Thread starvation or clock leap detected (housekeeper delta=6h53m57s790ms126µs200ns).
2025-12-27T22:48:14.444+05:30  INFO 436 --- [BTVNews] [RMI TCP Connection(14)-127.0.0.1] inMXBeanRegistrar$SpringApplicationAdmin : Application shutdown requested.
2025-12-27T22:48:14.452+05:30  INFO 436 --- [BTVNews] [RMI TCP Connection(14)-127.0.0.1] o.s.b.w.e.tomcat.GracefulShutdown        : Commencing graceful shutdown. Waiting for active requests to complete
2025-12-27T22:48:14.468+05:30  INFO 436 --- [BTVNews] [tomcat-shutdown] o.s.b.w.e.tomcat.GracefulShutdown        : Graceful shutdown complete
2025-12-27T22:48:14.498+05:30  INFO 436 --- [BTVNews] [RMI TCP Connection(14)-127.0.0.1] j.LocalContainerEntityManagerFactoryBean : Closing JPA EntityManagerFactory for persistence unit 'default'
2025-12-27T22:48:14.538+05:30  INFO 436 --- [BTVNews] [RMI TCP Connection(14)-127.0.0.1] com.zaxxer.hikari.HikariDataSource       : HikariPool-1 - Shutdown initiated...
2025-12-27T22:48:14.552+05:30  INFO 436 --- [BTVNews] [RMI TCP Connection(14)-127.0.0.1] com.zaxxer.hikari.HikariDataSource       : HikariPool-1 - Shutdown completed.
